2025-08-24 22:44:58 UTC | 6453658778 | RobertSmithETH | /start
2025-08-24 22:45:03 UTC | 6453658778 | RobertSmithETH | /stats
2025-08-24 22:45:07 UTC | 6453658778 | RobertSmithETH | /whitepaper
2025-08-24 23:24:05 UTC | 6453658778 | RobertSmithETH | /whitepaper
2025-08-25 00:21:18 UTC | 6453658778 | RobertSmithETH | /start
2025-08-25 00:21:19 UTC | 6453658778 | RobertSmithETH | /start
2025-08-25 00:21:25 UTC | 6453658778 | RobertSmithETH | /stats
2025-08-25 00:21:29 UTC | 6453658778 | RobertSmithETH | /whitepaper
2025-08-25 00:21:37 UTC | 6453658778 | RobertSmithETH | /start
2025-08-25 00:21:40 UTC | 6453658778 | RobertSmithETH | /stats
2025-08-25 00:21:42 UTC | 6453658778 | RobertSmithETH | /whitepaper
2025-08-25 00:21:45 UTC | 6453658778 | RobertSmithETH | /subscribe
2025-08-25 00:21:49 UTC | 6453658778 | RobertSmithETH | /subscribe
2025-08-25 00:21:54 UTC | 6453658778 | RobertSmithETH | /confirm
2025-08-25 00:22:00 UTC | 6453658778 | RobertSmithETH | /wallets
2025-08-25 00:22:13 UTC | 6453658778 | RobertSmithETH | /status
2025-08-25 00:55:04 UTC | 6453658778 | RobertSmithETH | /start
2025-08-25 00:55:20 UTC | 6453658778 | RobertSmithETH | /start
2025-08-25 00:55:20 UTC | 6453658778 | RobertSmithETH | /start
2025-08-25 00:55:23 UTC | 6453658778 | RobertSmithETH | /whitepaper
2025-08-25 00:55:30 UTC | 6453658778 | RobertSmithETH | /whitepaper
2025-08-25 00:55:33 UTC | 6453658778 | RobertSmithETH | /subscribe
2025-08-25 00:55:37 UTC | 6453658778 | RobertSmithETH | /subscribe
2025-08-25 00:55:41 UTC | 6453658778 | RobertSmithETH | /subscribe
2025-08-25 00:55:45 UTC | 6453658778 | RobertSmithETH | /confirm
